<?xml version="1.0" encoding="utf-8"?><testsuites name="pytest tests"><testsuite name="pytest" errors="0" failures="0" skipped="0" tests="13" time="3.188" timestamp="2026-07-21T12:51:10.956378+00:00" hostname="agent-env-4ed1291a-0696-46f5-9e1b-b1eba3efd178"><testcase classname="tests.backend_test.TestNewsResilience" name="test_news_under_concurrent_load" time="1.897" /><testcase classname="tests.backend_test.TestNews" name="test_news_ok" time="1.434" /><testcase classname="tests.backend_test.TestNews" name="test_news_item_shape" time="0.000" /><testcase classname="tests.backend_test.TestNews" name="test_news_contains_koodh" time="0.000" /><testcase classname="tests.backend_test.TestNews" name="test_news_has_expected_titles" time="0.000" /><testcase classname="tests.backend_test.TestNews" name="test_news_count_three" time="0.000" /><testcase classname="tests.backend_test.TestNews" name="test_news_colors_not_default" time="0.000" /><testcase classname="tests.backend_test.TestNewsPerformance" name="test_news_first_call_fast" time="0.104" /><testcase classname="tests.backend_test.TestNewsPerformance" name="test_news_second_call_fast" time="0.108" /><testcase classname="tests.backend_test.TestArticles" name="test_koodh_body_html" time="0.473" /><testcase classname="tests.backend_test.TestNewsResilience" name="test_news_repeated_consistency" time="0.589" /><testcase classname="tests.backend_test.TestArticles" name="test_article_bad_id_graceful" time="0.475" /><testcase classname="tests.backend_test.TestNewsResilience" name="test_news_cache_hit_is_near_instant" time="0.204" /></testsuite></testsuites>